<?xml version="1.0" encoding="UTF-8"?>
<!-- Generated by org.testng.reporters.JUnitXMLReporter -->
<testsuite ignored="0" hostname="LAPTOP-1GVCNOLE" failures="0" tests="2" name="Error Validations Test" time="54.912" errors="0" timestamp="2025-12-02T23:03:18 IST">
  <testcase classname="rahulshettyacademy.tests.ErrorValidationsTest" name="LoginErrorValidation" time="26.061"/>
  <testcase classname="rahulshettyacademy.tests.ErrorValidationsTest" name="ProductErrorValidation" time="4.159"/>
</testsuite> <!-- Error Validations Test -->
