<?xml version="1.0" encoding="UTF-8"?>
<!-- Generated by org.testng.reporters.JUnitReportReporter -->
<testsuite hostname="LAPTOP-1GVCNOLE" failures="0" tests="2" name="rahulshettyacademy.tests.ErrorValidationsTest" time="54.803" errors="0" timestamp="2025-12-02T23:03:52 IST" skipped="0">
  <testcase classname="rahulshettyacademy.tests.ErrorValidationsTest" name="LoginErrorValidation" time="33.075"/>
  <testcase classname="rahulshettyacademy.tests.ErrorValidationsTest" name="ProductErrorValidation" time="21.728"/>
</testsuite> <!-- rahulshettyacademy.tests.ErrorValidationsTest -->
